[debug] [2020-04-09T19:52:00.247Z] ----------------------------------------------------------------------
[debug] [2020-04-09T19:52:00.249Z] Command:       /usr/local/Cellar/node/12.12.0/bin/node /usr/local/bin/firebase serve --only functions
[debug] [2020-04-09T19:52:00.249Z] CLI Version:   7.13.1
[debug] [2020-04-09T19:52:00.249Z] Platform:      darwin
[debug] [2020-04-09T19:52:00.249Z] Node Version:  v12.12.0
[debug] [2020-04-09T19:52:00.251Z] Time:          Thu Apr 09 2020 20:52:00 GMT+0100 (GMT+01:00)
[debug] [2020-04-09T19:52:00.251Z] ----------------------------------------------------------------------
[debug] [2020-04-09T19:52:00.251Z] 
[debug] [2020-04-09T19:52:00.265Z] > command requires scopes: ["email","openid","https://www.googleapis.com/auth/cloudplatformprojects.readonly","https://www.googleapis.com/auth/firebase","https://www.googleapis.com/auth/cloud-platform"]
[debug] [2020-04-09T19:52:00.266Z] > authorizing via signed-in user
[debug] [2020-04-09T19:52:00.266Z] [iam] checking project yuki-a30e7 for permissions ["firebase.projects.get"]
[debug] [2020-04-09T19:52:00.267Z] > refreshing access token with scopes: ["email","https://www.googleapis.com/auth/cloud-platform","https://www.googleapis.com/auth/cloudplatformprojects.readonly","https://www.googleapis.com/auth/firebase","openid"]
[debug] [2020-04-09T19:52:00.267Z] >>> HTTP REQUEST POST https://www.googleapis.com/oauth2/v3/token  
 <request body omitted>
[debug] [2020-04-09T19:52:02.359Z] <<< HTTP RESPONSE 200
[debug] [2020-04-09T19:52:02.374Z] >>> HTTP REQUEST POST https://cloudresourcemanager.googleapis.com/v1/projects/yuki-a30e7:testIamPermissions  

[debug] [2020-04-09T19:52:03.556Z] <<< HTTP RESPONSE 200
[debug] [2020-04-09T19:52:03.558Z] >>> HTTP REQUEST GET https://firebase.googleapis.com/v1beta1/projects/yuki-a30e7  
 
[debug] [2020-04-09T19:52:04.061Z] <<< HTTP RESPONSE 200
[info] ✔  functions: Using node@12 from host.
[info] ✔  functions: Emulator started at http://localhost:5000
[info] i  functions: Watching "/Users/mac/WebstormProjects/Yuki/yuki/server/functions" for Cloud Functions...
[debug] [2020-04-09T19:52:04.099Z] [worker-pool] addWorker(~diagnostic~)
[debug] [2020-04-09T19:52:04.099Z] [worker-pool] Adding worker with key ~diagnostic~, total=1
[debug] [2020-04-09T19:52:04.100Z] [worker-pool] submitWork(triggerId=)
[debug] [2020-04-09T19:52:04.101Z] [worker-~diagnostic~-19a54b0e-9c2f-4287-8ff5-80386efb6ad7]: Assigning socketPath: /var/folders/x9/2yssk4l57js1t30svhrx9bbw0000gq/T/fire_emu_42711.sock
[debug] [2020-04-09T19:52:04.102Z] [worker-~diagnostic~-19a54b0e-9c2f-4287-8ff5-80386efb6ad7]: BUSY
[debug] [2020-04-09T19:52:04.414Z] [runtime-status] [42711] Functions runtime initialized. {"cwd":"/Users/mac/WebstormProjects/Yuki/yuki/server/functions","node_version":"12.12.0"}
[debug] [2020-04-09T19:52:04.415Z] [runtime-status] [42711] Disabled runtime features: {"functions_config_helper":true,"network_filtering":true,"timeout":true,"memory_limiting":true,"admin_stubs":true,"pubsub_emulator":true}
[debug] [2020-04-09T19:52:04.429Z] [runtime-status] [42711] Resolved module firebase-admin {"declared":true,"installed":true,"version":"8.10.0","resolution":"/Users/mac/WebstormProjects/Yuki/yuki/server/functions/node_modules/firebase-admin/lib/index.js"}
[debug] [2020-04-09T19:52:04.434Z] [runtime-status] [42711] Resolved module firebase-functions {"declared":true,"installed":true,"version":"3.6.0","resolution":"/Users/mac/WebstormProjects/Yuki/yuki/server/functions/node_modules/firebase-functions/lib/index.js"}
[warn] ⚠  functions: Your GOOGLE_APPLICATION_CREDENTIALS environment variable points to /Users/mac/WebstormProjects/Yuki/yuki/server/service-account/yuki-a30e7-3ec5c83351a5.json. Non-emulated services will access production using these credentials. Be careful!
[debug] [2020-04-09T19:52:04.436Z] [runtime-status] [42711] Resolved module firebase-functions {"declared":true,"installed":true,"version":"3.6.0","resolution":"/Users/mac/WebstormProjects/Yuki/yuki/server/functions/node_modules/firebase-functions/lib/index.js"}
[info] ✔  functions[api]: http function initialized (http://localhost:5000/yuki-a30e7/us-central1/api).
[debug] [2020-04-09T19:52:05.088Z] [worker-~diagnostic~-19a54b0e-9c2f-4287-8ff5-80386efb6ad7]: IDLE
[debug] [2020-04-09T19:52:17.419Z] [work-queue] {"queueLength":1,"workRunningCount":0}
[debug] [2020-04-09T19:52:17.420Z] [work-queue] {"queueLength":0,"workRunningCount":1}
[debug] [2020-04-09T19:52:17.421Z] Accepted request GET /yuki-a30e7/us-central1/api/testimonials/challenge1 --> api
[debug] [2020-04-09T19:52:17.429Z] [worker-pool] addWorker(api)
[debug] [2020-04-09T19:52:17.429Z] [worker-pool] Adding worker with key api, total=1
[debug] [2020-04-09T19:52:17.429Z] [worker-pool] submitWork(triggerId=api)
[debug] [2020-04-09T19:52:17.429Z] [worker-api-af033a49-e887-40fa-9ff4-ebd3e40006e2]: Assigning socketPath: /var/folders/x9/2yssk4l57js1t30svhrx9bbw0000gq/T/fire_emu_42718.sock
[debug] [2020-04-09T19:52:17.429Z] [worker-api-af033a49-e887-40fa-9ff4-ebd3e40006e2]: BUSY
[debug] [2020-04-09T19:52:17.765Z] [runtime-status] [42718] Functions runtime initialized. {"cwd":"/Users/mac/WebstormProjects/Yuki/yuki/server/functions","node_version":"12.12.0"}
[debug] [2020-04-09T19:52:17.768Z] [runtime-status] [42718] Disabled runtime features: {"functions_config_helper":true,"network_filtering":true,"timeout":true,"memory_limiting":true,"admin_stubs":true,"pubsub_emulator":true}
[debug] [2020-04-09T19:52:17.771Z] [runtime-status] [42718] Resolved module firebase-admin {"declared":true,"installed":true,"version":"8.10.0","resolution":"/Users/mac/WebstormProjects/Yuki/yuki/server/functions/node_modules/firebase-admin/lib/index.js"}
[debug] [2020-04-09T19:52:17.773Z] [runtime-status] [42718] Resolved module firebase-functions {"declared":true,"installed":true,"version":"3.6.0","resolution":"/Users/mac/WebstormProjects/Yuki/yuki/server/functions/node_modules/firebase-functions/lib/index.js"}
[warn] ⚠  functions: Your GOOGLE_APPLICATION_CREDENTIALS environment variable points to /Users/mac/WebstormProjects/Yuki/yuki/server/service-account/yuki-a30e7-3ec5c83351a5.json. Non-emulated services will access production using these credentials. Be careful!
[debug] [2020-04-09T19:52:17.776Z] [runtime-status] [42718] Resolved module firebase-functions {"declared":true,"installed":true,"version":"3.6.0","resolution":"/Users/mac/WebstormProjects/Yuki/yuki/server/functions/node_modules/firebase-functions/lib/index.js"}
[debug] [2020-04-09T19:52:18.290Z] [runtime-status] [42718] Trigger "api" has been found, beginning invocation!
[info] i  functions: Beginning execution of "api"
[debug] [2020-04-09T19:52:18.290Z] [runtime-status] [42718] triggerDefinition {"httpsTrigger":{},"name":"api","entryPoint":"api"}
[debug] [2020-04-09T19:52:18.291Z] [runtime-status] [42718] Running api in mode HTTPS
[debug] [2020-04-09T19:52:18.294Z] [runtime-status] [42718] Attempting to listen to socketPath: /var/folders/x9/2yssk4l57js1t30svhrx9bbw0000gq/T/fire_emu_42718.sock
[debug] [2020-04-09T19:52:18.301Z] [functions] Runtime ready! Sending request!
[debug] [2020-04-09T19:52:18.311Z] [runtime-status] [42718] Ephemeral server handling GET request
[debug] [2020-04-09T19:52:18.635Z] [runtime-status] [42718] Ephemeral server survived.
[info] >  {
[info] >    challenge: {
[info] >      title: 'Challenge 1',
[info] >      difficulty: 1,
[info] >      description: 'Challenge 1 Description',
[info] >      id: 'challenge1',
[info] >      types: [ 'strangers', 'bothering' ]
[info] >    },
[info] >    testimonials: [
[info] >      {
[info] >        user: 'ana',
[info] >        content: 'Hadchi jani s3ib',
[info] >        score: '0',
[info] >        date: [Timestamp],
[info] >        uid: 'Rf2UbKLMDcuuKT66rawx',
[info] >        challenge: 'challenge1',
[info] >        comments: [Array]
[info] >      },
[info] >      {
[info] >        challenge: 'challenge1',
[info] >        user: 'nta',
[info] >        content: 'Mafhmt ga3 sou2al',
[info] >        score: 0,
[info] >        date: [Timestamp],
[info] >        uid: 'k53Xq8MoUw7BgjgT3hTp',
[info] >        comments: []
[info] >      }
[info] >    ]
[info] >  }
[info] i  functions: Finished "api" in ~1s
[debug] [2020-04-09T19:52:19.876Z] [worker-api-af033a49-e887-40fa-9ff4-ebd3e40006e2]: IDLE
[debug] [2020-04-09T19:52:19.876Z] [work-queue] {"queueLength":0,"workRunningCount":0}
[info] >  {
[info] >    challenge: {
[info] >      title: 'Challenge 1',
[info] >      difficulty: 1,
[info] >      description: 'Challenge 1 Description',
[info] >      id: 'challenge1',
[info] >      types: [ 'strangers', 'bothering' ]
[info] >    },
[info] >    testimonials: [
[info] >      {
[info] >        user: 'ana',
[info] >        content: 'Hadchi jani s3ib',
[info] >        score: '0',
[info] >        date: [Timestamp],
[info] >        uid: 'Rf2UbKLMDcuuKT66rawx',
[info] >        challenge: 'challenge1',
[info] >        comments: [Array]
[info] >      },
[info] >      {
[info] >        challenge: 'challenge1',
[info] >        user: 'nta',
[info] >        content: 'Mafhmt ga3 sou2al',
[info] >        score: 0,
[info] >        date: [Timestamp],
[info] >        uid: 'k53Xq8MoUw7BgjgT3hTp',
[info] >        comments: [Array]
[info] >      }
[info] >    ]
[info] >  }
[info] >  Failed to fetch comments: Cannot set headers after they are sent to the client
[info] >  (node:42718) UnhandledPromiseRejectionWarning: Error [ERR_HTTP_HEADERS_SENT]: Cannot set headers after they are sent to the client
[info] >      at ServerResponse.setHeader (_http_outgoing.js:485:11)
[info] >      at ServerResponse.header (/Users/mac/WebstormProjects/Yuki/yuki/server/functions/node_modules/express/lib/response.js:771:10)
[info] >      at ServerResponse.send (/Users/mac/WebstormProjects/Yuki/yuki/server/functions/node_modules/express/lib/response.js:170:12)
[info] >      at ServerResponse.json (/Users/mac/WebstormProjects/Yuki/yuki/server/functions/node_modules/express/lib/response.js:267:15)
[info] >      at ServerResponse.send (/Users/mac/WebstormProjects/Yuki/yuki/server/functions/node_modules/express/lib/response.js:158:21)
[info] >      at /Users/mac/WebstormProjects/Yuki/yuki/server/functions/controllers/TestimonialController.js:57:42
[info] >      at processTicksAndRejections (internal/process/task_queues.js:93:5)
[info] >  (node:42718) UnhandledPromiseRejectionWarning: Unhandled promise rejection. This error originated either by throwing inside of an async function without a catch block, or by rejecting a promise which was not handled with .catch(). (rejection id: 1)
[info] >  (node:42718) [DEP0018] DeprecationWarning: Unhandled promise rejections are deprecated. In the future, promise rejections that are not handled will terminate the Node.js process with a non-zero exit code.
[debug] [2020-04-09T19:58:21.058Z] File /Users/mac/WebstormProjects/Yuki/yuki/server/functions/controllers/TestimonialController.js changed, reloading triggers
[debug] [2020-04-09T19:58:22.062Z] [worker-pool] Shutting down IDLE worker (~diagnostic~)
[debug] [2020-04-09T19:58:22.063Z] [worker-~diagnostic~-19a54b0e-9c2f-4287-8ff5-80386efb6ad7]: FINISHING
[debug] [2020-04-09T19:58:22.063Z] [worker-pool] Shutting down IDLE worker (api)
[debug] [2020-04-09T19:58:22.063Z] [worker-api-af033a49-e887-40fa-9ff4-ebd3e40006e2]: FINISHING
[debug] [2020-04-09T19:58:22.074Z] [worker-pool] addWorker(~diagnostic~)
[debug] [2020-04-09T19:58:22.074Z] [worker-pool] Adding worker with key ~diagnostic~, total=2
[debug] [2020-04-09T19:58:22.074Z] [worker-pool] submitWork(triggerId=)
[debug] [2020-04-09T19:58:22.074Z] [worker-~diagnostic~-82c319af-39bd-4cc7-88d2-2ce16f55668f]: Assigning socketPath: /var/folders/x9/2yssk4l57js1t30svhrx9bbw0000gq/T/fire_emu_42749.sock
[debug] [2020-04-09T19:58:22.075Z] [worker-~diagnostic~-82c319af-39bd-4cc7-88d2-2ce16f55668f]: BUSY
[debug] [2020-04-09T19:58:22.077Z] [worker-~diagnostic~-19a54b0e-9c2f-4287-8ff5-80386efb6ad7]: exited
[debug] [2020-04-09T19:58:22.077Z] [worker-~diagnostic~-19a54b0e-9c2f-4287-8ff5-80386efb6ad7]: FINISHED
[debug] [2020-04-09T19:58:22.078Z] [worker-api-af033a49-e887-40fa-9ff4-ebd3e40006e2]: exited
[debug] [2020-04-09T19:58:22.078Z] [worker-api-af033a49-e887-40fa-9ff4-ebd3e40006e2]: FINISHED
[debug] [2020-04-09T19:58:22.626Z] [runtime-status] [42749] Functions runtime initialized. {"cwd":"/Users/mac/WebstormProjects/Yuki/yuki/server/functions","node_version":"12.12.0"}
[debug] [2020-04-09T19:58:22.628Z] [runtime-status] [42749] Disabled runtime features: {"functions_config_helper":true,"network_filtering":true,"timeout":true,"memory_limiting":true,"admin_stubs":true,"pubsub_emulator":true}
[debug] [2020-04-09T19:58:22.631Z] [runtime-status] [42749] Resolved module firebase-admin {"declared":true,"installed":true,"version":"8.10.0","resolution":"/Users/mac/WebstormProjects/Yuki/yuki/server/functions/node_modules/firebase-admin/lib/index.js"}
[debug] [2020-04-09T19:58:22.632Z] [runtime-status] [42749] Resolved module firebase-functions {"declared":true,"installed":true,"version":"3.6.0","resolution":"/Users/mac/WebstormProjects/Yuki/yuki/server/functions/node_modules/firebase-functions/lib/index.js"}
[warn] ⚠  functions: Your GOOGLE_APPLICATION_CREDENTIALS environment variable points to /Users/mac/WebstormProjects/Yuki/yuki/server/service-account/yuki-a30e7-3ec5c83351a5.json. Non-emulated services will access production using these credentials. Be careful!
[debug] [2020-04-09T19:58:22.633Z] [runtime-status] [42749] Resolved module firebase-functions {"declared":true,"installed":true,"version":"3.6.0","resolution":"/Users/mac/WebstormProjects/Yuki/yuki/server/functions/node_modules/firebase-functions/lib/index.js"}
[debug] [2020-04-09T19:58:23.269Z] [worker-~diagnostic~-82c319af-39bd-4cc7-88d2-2ce16f55668f]: IDLE
[debug] [2020-04-09T19:58:26.720Z] [work-queue] {"queueLength":1,"workRunningCount":0}
[debug] [2020-04-09T19:58:26.721Z] [work-queue] {"queueLength":0,"workRunningCount":1}
[debug] [2020-04-09T19:58:26.721Z] Accepted request GET /yuki-a30e7/us-central1/api/testimonials/challenge1 --> api
[debug] [2020-04-09T19:58:26.721Z] [worker-pool] Cleaned up workers for ~diagnostic~: 2 --> 1
[debug] [2020-04-09T19:58:26.721Z] [worker-pool] Cleaned up workers for api: 1 --> 0
[debug] [2020-04-09T19:58:26.742Z] [worker-pool] addWorker(api)
[debug] [2020-04-09T19:58:26.742Z] [worker-pool] Adding worker with key api, total=1
[debug] [2020-04-09T19:58:26.743Z] [worker-pool] submitWork(triggerId=api)
[debug] [2020-04-09T19:58:26.744Z] [worker-api-ec7daeeb-c55e-41d8-bd9d-9951eac1eb5c]: Assigning socketPath: /var/folders/x9/2yssk4l57js1t30svhrx9bbw0000gq/T/fire_emu_42750.sock
[debug] [2020-04-09T19:58:26.744Z] [worker-api-ec7daeeb-c55e-41d8-bd9d-9951eac1eb5c]: BUSY
[debug] [2020-04-09T19:58:27.347Z] [runtime-status] [42750] Functions runtime initialized. {"cwd":"/Users/mac/WebstormProjects/Yuki/yuki/server/functions","node_version":"12.12.0"}
[debug] [2020-04-09T19:58:27.350Z] [runtime-status] [42750] Disabled runtime features: {"functions_config_helper":true,"network_filtering":true,"timeout":true,"memory_limiting":true,"admin_stubs":true,"pubsub_emulator":true}
[debug] [2020-04-09T19:58:27.352Z] [runtime-status] [42750] Resolved module firebase-admin {"declared":true,"installed":true,"version":"8.10.0","resolution":"/Users/mac/WebstormProjects/Yuki/yuki/server/functions/node_modules/firebase-admin/lib/index.js"}
[debug] [2020-04-09T19:58:27.355Z] [runtime-status] [42750] Resolved module firebase-functions {"declared":true,"installed":true,"version":"3.6.0","resolution":"/Users/mac/WebstormProjects/Yuki/yuki/server/functions/node_modules/firebase-functions/lib/index.js"}
[warn] ⚠  functions: Your GOOGLE_APPLICATION_CREDENTIALS environment variable points to /Users/mac/WebstormProjects/Yuki/yuki/server/service-account/yuki-a30e7-3ec5c83351a5.json. Non-emulated services will access production using these credentials. Be careful!
[debug] [2020-04-09T19:58:27.357Z] [runtime-status] [42750] Resolved module firebase-functions {"declared":true,"installed":true,"version":"3.6.0","resolution":"/Users/mac/WebstormProjects/Yuki/yuki/server/functions/node_modules/firebase-functions/lib/index.js"}
[debug] [2020-04-09T19:58:27.941Z] [runtime-status] [42750] Trigger "api" has been found, beginning invocation!
[info] i  functions: Beginning execution of "api"
[debug] [2020-04-09T19:58:27.942Z] [runtime-status] [42750] triggerDefinition {"httpsTrigger":{},"name":"api","entryPoint":"api"}
[debug] [2020-04-09T19:58:27.942Z] [runtime-status] [42750] Running api in mode HTTPS
[debug] [2020-04-09T19:58:27.947Z] [runtime-status] [42750] Attempting to listen to socketPath: /var/folders/x9/2yssk4l57js1t30svhrx9bbw0000gq/T/fire_emu_42750.sock
[debug] [2020-04-09T19:58:27.953Z] [functions] Runtime ready! Sending request!
[debug] [2020-04-09T19:58:27.962Z] [runtime-status] [42750] Ephemeral server handling GET request
[debug] [2020-04-09T19:58:28.277Z] [runtime-status] [42750] Ephemeral server survived.
[info] >  testc: 2 comc 1
[info] >  testc: 2 comc 2
[info] >  whoops
[info] i  functions: Finished "api" in ~1s
[debug] [2020-04-09T19:58:29.541Z] [worker-api-ec7daeeb-c55e-41d8-bd9d-9951eac1eb5c]: IDLE
[debug] [2020-04-09T19:58:29.541Z] [work-queue] {"queueLength":0,"workRunningCount":0}
[info] >  testc: 2 comc 1
[info] >  whoops
[info] >  Failed to fetch comments: Cannot set headers after they are sent to the client
[info] >  (node:42750) UnhandledPromiseRejectionWarning: Error [ERR_HTTP_HEADERS_SENT]: Cannot set headers after they are sent to the client
[info] >      at ServerResponse.setHeader (_http_outgoing.js:485:11)
[info] >      at ServerResponse.header (/Users/mac/WebstormProjects/Yuki/yuki/server/functions/node_modules/express/lib/response.js:771:10)
[info] >      at ServerResponse.send (/Users/mac/WebstormProjects/Yuki/yuki/server/functions/node_modules/express/lib/response.js:170:12)
[info] >      at ServerResponse.json (/Users/mac/WebstormProjects/Yuki/yuki/server/functions/node_modules/express/lib/response.js:267:15)
[info] >      at ServerResponse.send (/Users/mac/WebstormProjects/Yuki/yuki/server/functions/node_modules/express/lib/response.js:158:21)
[info] >      at /Users/mac/WebstormProjects/Yuki/yuki/server/functions/controllers/TestimonialController.js:59:42
[info] >      at processTicksAndRejections (internal/process/task_queues.js:93:5)
[info] >  (node:42750) UnhandledPromiseRejectionWarning: Unhandled promise rejection. This error originated either by throwing inside of an async function without a catch block, or by rejecting a promise which was not handled with .catch(). (rejection id: 1)
[info] >  (node:42750) [DEP0018] DeprecationWarning: Unhandled promise rejections are deprecated. In the future, promise rejections that are not handled will terminate the Node.js process with a non-zero exit code.
[debug] [2020-04-09T20:03:16.091Z] File /Users/mac/WebstormProjects/Yuki/yuki/server/functions/controllers/TestimonialController.js changed, reloading triggers
[debug] [2020-04-09T20:03:17.092Z] [worker-pool] Shutting down IDLE worker (~diagnostic~)
[debug] [2020-04-09T20:03:17.092Z] [worker-~diagnostic~-82c319af-39bd-4cc7-88d2-2ce16f55668f]: FINISHING
[debug] [2020-04-09T20:03:17.093Z] [worker-pool] Shutting down IDLE worker (api)
[debug] [2020-04-09T20:03:17.093Z] [worker-api-ec7daeeb-c55e-41d8-bd9d-9951eac1eb5c]: FINISHING
[debug] [2020-04-09T20:03:17.108Z] [worker-pool] addWorker(~diagnostic~)
[debug] [2020-04-09T20:03:17.109Z] [worker-pool] Adding worker with key ~diagnostic~, total=2
[debug] [2020-04-09T20:03:17.109Z] [worker-pool] submitWork(triggerId=)
[debug] [2020-04-09T20:03:17.110Z] [worker-~diagnostic~-576e86e8-4243-42df-a87e-1aed285bf9fe]: Assigning socketPath: /var/folders/x9/2yssk4l57js1t30svhrx9bbw0000gq/T/fire_emu_42760.sock
[debug] [2020-04-09T20:03:17.110Z] [worker-~diagnostic~-576e86e8-4243-42df-a87e-1aed285bf9fe]: BUSY
[debug] [2020-04-09T20:03:17.112Z] [worker-~diagnostic~-82c319af-39bd-4cc7-88d2-2ce16f55668f]: exited
[debug] [2020-04-09T20:03:17.113Z] [worker-~diagnostic~-82c319af-39bd-4cc7-88d2-2ce16f55668f]: FINISHED
[debug] [2020-04-09T20:03:17.113Z] [worker-api-ec7daeeb-c55e-41d8-bd9d-9951eac1eb5c]: exited
[debug] [2020-04-09T20:03:17.113Z] [worker-api-ec7daeeb-c55e-41d8-bd9d-9951eac1eb5c]: FINISHED
[debug] [2020-04-09T20:03:17.600Z] [runtime-status] [42760] Functions runtime initialized. {"cwd":"/Users/mac/WebstormProjects/Yuki/yuki/server/functions","node_version":"12.12.0"}
[debug] [2020-04-09T20:03:17.602Z] [runtime-status] [42760] Disabled runtime features: {"functions_config_helper":true,"network_filtering":true,"timeout":true,"memory_limiting":true,"admin_stubs":true,"pubsub_emulator":true}
[debug] [2020-04-09T20:03:17.605Z] [runtime-status] [42760] Resolved module firebase-admin {"declared":true,"installed":true,"version":"8.10.0","resolution":"/Users/mac/WebstormProjects/Yuki/yuki/server/functions/node_modules/firebase-admin/lib/index.js"}
[debug] [2020-04-09T20:03:17.607Z] [runtime-status] [42760] Resolved module firebase-functions {"declared":true,"installed":true,"version":"3.6.0","resolution":"/Users/mac/WebstormProjects/Yuki/yuki/server/functions/node_modules/firebase-functions/lib/index.js"}
[warn] ⚠  functions: Your GOOGLE_APPLICATION_CREDENTIALS environment variable points to /Users/mac/WebstormProjects/Yuki/yuki/server/service-account/yuki-a30e7-3ec5c83351a5.json. Non-emulated services will access production using these credentials. Be careful!
[debug] [2020-04-09T20:03:17.608Z] [runtime-status] [42760] Resolved module firebase-functions {"declared":true,"installed":true,"version":"3.6.0","resolution":"/Users/mac/WebstormProjects/Yuki/yuki/server/functions/node_modules/firebase-functions/lib/index.js"}
[debug] [2020-04-09T20:03:18.236Z] [worker-~diagnostic~-576e86e8-4243-42df-a87e-1aed285bf9fe]: IDLE
[debug] [2020-04-09T20:06:01.248Z] File /Users/mac/WebstormProjects/Yuki/yuki/server/functions/controllers/TestimonialController.js changed, reloading triggers
[debug] [2020-04-09T20:06:02.249Z] [worker-pool] Shutting down IDLE worker (~diagnostic~)
[debug] [2020-04-09T20:06:02.249Z] [worker-~diagnostic~-576e86e8-4243-42df-a87e-1aed285bf9fe]: FINISHING
[debug] [2020-04-09T20:06:02.252Z] [worker-pool] Cleaned up workers for ~diagnostic~: 2 --> 1
[debug] [2020-04-09T20:06:02.252Z] [worker-pool] Cleaned up workers for api: 1 --> 0
[debug] [2020-04-09T20:06:02.278Z] [worker-pool] addWorker(~diagnostic~)
[debug] [2020-04-09T20:06:02.279Z] [worker-pool] Adding worker with key ~diagnostic~, total=2
[debug] [2020-04-09T20:06:02.280Z] [worker-pool] submitWork(triggerId=)
[debug] [2020-04-09T20:06:02.280Z] [worker-~diagnostic~-3e829b9d-ee9c-41e8-ac21-40aa3bd64c3f]: Assigning socketPath: /var/folders/x9/2yssk4l57js1t30svhrx9bbw0000gq/T/fire_emu_42771.sock
[debug] [2020-04-09T20:06:02.280Z] [worker-~diagnostic~-3e829b9d-ee9c-41e8-ac21-40aa3bd64c3f]: BUSY
[debug] [2020-04-09T20:06:02.282Z] [worker-~diagnostic~-576e86e8-4243-42df-a87e-1aed285bf9fe]: exited
[debug] [2020-04-09T20:06:02.282Z] [worker-~diagnostic~-576e86e8-4243-42df-a87e-1aed285bf9fe]: FINISHED
[debug] [2020-04-09T20:06:02.801Z] [runtime-status] [42771] Functions runtime initialized. {"cwd":"/Users/mac/WebstormProjects/Yuki/yuki/server/functions","node_version":"12.12.0"}
[debug] [2020-04-09T20:06:02.803Z] [runtime-status] [42771] Disabled runtime features: {"functions_config_helper":true,"network_filtering":true,"timeout":true,"memory_limiting":true,"admin_stubs":true,"pubsub_emulator":true}
[debug] [2020-04-09T20:06:02.807Z] [runtime-status] [42771] Resolved module firebase-admin {"declared":true,"installed":true,"version":"8.10.0","resolution":"/Users/mac/WebstormProjects/Yuki/yuki/server/functions/node_modules/firebase-admin/lib/index.js"}
[debug] [2020-04-09T20:06:02.810Z] [runtime-status] [42771] Resolved module firebase-functions {"declared":true,"installed":true,"version":"3.6.0","resolution":"/Users/mac/WebstormProjects/Yuki/yuki/server/functions/node_modules/firebase-functions/lib/index.js"}
[warn] ⚠  functions: Your GOOGLE_APPLICATION_CREDENTIALS environment variable points to /Users/mac/WebstormProjects/Yuki/yuki/server/service-account/yuki-a30e7-3ec5c83351a5.json. Non-emulated services will access production using these credentials. Be careful!
[debug] [2020-04-09T20:06:02.812Z] [runtime-status] [42771] Resolved module firebase-functions {"declared":true,"installed":true,"version":"3.6.0","resolution":"/Users/mac/WebstormProjects/Yuki/yuki/server/functions/node_modules/firebase-functions/lib/index.js"}
[debug] [2020-04-09T20:06:03.564Z] [worker-~diagnostic~-3e829b9d-ee9c-41e8-ac21-40aa3bd64c3f]: IDLE
[debug] [2020-04-09T20:15:27.655Z] [work-queue] {"queueLength":1,"workRunningCount":0}
[debug] [2020-04-09T20:15:27.656Z] [work-queue] {"queueLength":0,"workRunningCount":1}
[debug] [2020-04-09T20:15:27.663Z] Accepted request GET /yuki-a30e7/us-central1/api/testimonials/challenge1 --> api
[debug] [2020-04-09T20:15:27.664Z] [worker-pool] Cleaned up workers for ~diagnostic~: 2 --> 1
[debug] [2020-04-09T20:15:27.680Z] [worker-pool] addWorker(api)
[debug] [2020-04-09T20:15:27.681Z] [worker-pool] Adding worker with key api, total=1
[debug] [2020-04-09T20:15:27.681Z] [worker-pool] submitWork(triggerId=api)
[debug] [2020-04-09T20:15:27.681Z] [worker-api-b040ff0b-60d9-4bfa-af13-da0dce949551]: Assigning socketPath: /var/folders/x9/2yssk4l57js1t30svhrx9bbw0000gq/T/fire_emu_42783.sock
[debug] [2020-04-09T20:15:27.681Z] [worker-api-b040ff0b-60d9-4bfa-af13-da0dce949551]: BUSY
[debug] [2020-04-09T20:15:28.432Z] [runtime-status] [42783] Functions runtime initialized. {"cwd":"/Users/mac/WebstormProjects/Yuki/yuki/server/functions","node_version":"12.12.0"}
[debug] [2020-04-09T20:15:28.434Z] [runtime-status] [42783] Disabled runtime features: {"functions_config_helper":true,"network_filtering":true,"timeout":true,"memory_limiting":true,"admin_stubs":true,"pubsub_emulator":true}
[debug] [2020-04-09T20:15:28.436Z] [runtime-status] [42783] Resolved module firebase-admin {"declared":true,"installed":true,"version":"8.10.0","resolution":"/Users/mac/WebstormProjects/Yuki/yuki/server/functions/node_modules/firebase-admin/lib/index.js"}
[debug] [2020-04-09T20:15:28.438Z] [runtime-status] [42783] Resolved module firebase-functions {"declared":true,"installed":true,"version":"3.6.0","resolution":"/Users/mac/WebstormProjects/Yuki/yuki/server/functions/node_modules/firebase-functions/lib/index.js"}
[warn] ⚠  functions: Your GOOGLE_APPLICATION_CREDENTIALS environment variable points to /Users/mac/WebstormProjects/Yuki/yuki/server/service-account/yuki-a30e7-3ec5c83351a5.json. Non-emulated services will access production using these credentials. Be careful!
[debug] [2020-04-09T20:15:28.440Z] [runtime-status] [42783] Resolved module firebase-functions {"declared":true,"installed":true,"version":"3.6.0","resolution":"/Users/mac/WebstormProjects/Yuki/yuki/server/functions/node_modules/firebase-functions/lib/index.js"}
[debug] [2020-04-09T20:15:29.242Z] [runtime-status] [42783] Trigger "api" has been found, beginning invocation!
[info] i  functions: Beginning execution of "api"
[debug] [2020-04-09T20:15:29.243Z] [runtime-status] [42783] triggerDefinition {"httpsTrigger":{},"name":"api","entryPoint":"api"}
[debug] [2020-04-09T20:15:29.243Z] [runtime-status] [42783] Running api in mode HTTPS
[debug] [2020-04-09T20:15:29.246Z] [runtime-status] [42783] Attempting to listen to socketPath: /var/folders/x9/2yssk4l57js1t30svhrx9bbw0000gq/T/fire_emu_42783.sock
[debug] [2020-04-09T20:15:29.251Z] [functions] Runtime ready! Sending request!
[debug] [2020-04-09T20:15:29.260Z] [runtime-status] [42783] Ephemeral server handling GET request
[debug] [2020-04-09T20:15:29.548Z] [runtime-status] [42783] Ephemeral server survived.
[info] i  functions: Finished "api" in ~1s
[debug] [2020-04-09T20:15:30.642Z] [worker-api-b040ff0b-60d9-4bfa-af13-da0dce949551]: IDLE
[debug] [2020-04-09T20:15:30.643Z] [work-queue] {"queueLength":0,"workRunningCount":0}
[debug] [2020-04-09T20:20:02.147Z] [work-queue] {"queueLength":1,"workRunningCount":0}
[debug] [2020-04-09T20:20:02.147Z] [work-queue] {"queueLength":0,"workRunningCount":1}
[debug] [2020-04-09T20:20:02.147Z] Accepted request GET /yuki-a30e7/us-central1/api/testimonials/challenge1 --> api
[debug] [2020-04-09T20:20:02.147Z] [worker-pool] submitWork(triggerId=api)
[debug] [2020-04-09T20:20:02.147Z] [worker-api-b040ff0b-60d9-4bfa-af13-da0dce949551]: Assigning socketPath: /var/folders/x9/2yssk4l57js1t30svhrx9bbw0000gq/T/fire_emu_42783.sock
[debug] [2020-04-09T20:20:02.147Z] [worker-api-b040ff0b-60d9-4bfa-af13-da0dce949551]: BUSY
[debug] [2020-04-09T20:20:02.151Z] [runtime-status] [42783] Trigger "api" has been found, beginning invocation!
[info] i  functions: Beginning execution of "api"
[debug] [2020-04-09T20:20:02.152Z] [runtime-status] [42783] triggerDefinition {"httpsTrigger":{},"name":"api","entryPoint":"api"}
[debug] [2020-04-09T20:20:02.152Z] [runtime-status] [42783] Running api in mode HTTPS
[debug] [2020-04-09T20:20:02.155Z] [runtime-status] [42783] Attempting to listen to socketPath: /var/folders/x9/2yssk4l57js1t30svhrx9bbw0000gq/T/fire_emu_42783.sock
[debug] [2020-04-09T20:20:02.158Z] [functions] Runtime ready! Sending request!
[debug] [2020-04-09T20:20:02.165Z] [runtime-status] [42783] Ephemeral server handling GET request
[debug] [2020-04-09T20:20:02.168Z] [runtime-status] [42783] Ephemeral server survived.
[info] i  functions: Finished "api" in ~49s
[debug] [2020-04-09T20:20:51.468Z] [worker-api-b040ff0b-60d9-4bfa-af13-da0dce949551]: IDLE
[debug] [2020-04-09T20:20:51.468Z] [work-queue] {"queueLength":0,"workRunningCount":0}
[debug] [2020-04-09T20:22:26.428Z] [work-queue] {"queueLength":1,"workRunningCount":0}
[debug] [2020-04-09T20:22:26.428Z] [work-queue] {"queueLength":0,"workRunningCount":1}
[debug] [2020-04-09T20:22:26.429Z] Accepted request POST /yuki-a30e7/us-central1/api/logout --> api
[debug] [2020-04-09T20:22:26.429Z] [worker-pool] submitWork(triggerId=api)
[debug] [2020-04-09T20:22:26.429Z] [worker-api-b040ff0b-60d9-4bfa-af13-da0dce949551]: Assigning socketPath: /var/folders/x9/2yssk4l57js1t30svhrx9bbw0000gq/T/fire_emu_42783.sock
[debug] [2020-04-09T20:22:26.429Z] [worker-api-b040ff0b-60d9-4bfa-af13-da0dce949551]: BUSY
[debug] [2020-04-09T20:22:26.430Z] [runtime-status] [42783] Trigger "api" has been found, beginning invocation!
[info] i  functions: Beginning execution of "api"
[debug] [2020-04-09T20:22:26.430Z] [runtime-status] [42783] triggerDefinition {"httpsTrigger":{},"name":"api","entryPoint":"api"}
[debug] [2020-04-09T20:22:26.430Z] [runtime-status] [42783] Running api in mode HTTPS
[debug] [2020-04-09T20:22:26.431Z] [runtime-status] [42783] Attempting to listen to socketPath: /var/folders/x9/2yssk4l57js1t30svhrx9bbw0000gq/T/fire_emu_42783.sock
[debug] [2020-04-09T20:22:26.435Z] [functions] Runtime ready! Sending request!
[debug] [2020-04-09T20:22:26.440Z] [runtime-status] [42783] Ephemeral server handling POST request
[debug] [2020-04-09T20:22:26.441Z] [runtime-status] [42783] Ephemeral server survived.
[info] i  functions: Finished "api" in ~1s
[debug] [2020-04-09T20:22:26.446Z] [worker-api-b040ff0b-60d9-4bfa-af13-da0dce949551]: IDLE
[debug] [2020-04-09T20:22:26.446Z] [work-queue] {"queueLength":0,"workRunningCount":0}
[debug] [2020-04-09T20:22:34.194Z] [work-queue] {"queueLength":1,"workRunningCount":0}
[debug] [2020-04-09T20:22:34.194Z] [work-queue] {"queueLength":0,"workRunningCount":1}
[debug] [2020-04-09T20:22:34.194Z] Accepted request OPTIONS /yuki-a30e7/us-central1/api/login --> api
[debug] [2020-04-09T20:22:34.194Z] [worker-pool] submitWork(triggerId=api)
[debug] [2020-04-09T20:22:34.195Z] [worker-api-b040ff0b-60d9-4bfa-af13-da0dce949551]: Assigning socketPath: /var/folders/x9/2yssk4l57js1t30svhrx9bbw0000gq/T/fire_emu_42783.sock
[debug] [2020-04-09T20:22:34.195Z] [worker-api-b040ff0b-60d9-4bfa-af13-da0dce949551]: BUSY
[debug] [2020-04-09T20:22:34.195Z] [runtime-status] [42783] Trigger "api" has been found, beginning invocation!
[info] i  functions: Beginning execution of "api"
[debug] [2020-04-09T20:22:34.196Z] [runtime-status] [42783] triggerDefinition {"httpsTrigger":{},"name":"api","entryPoint":"api"}
[debug] [2020-04-09T20:22:34.196Z] [runtime-status] [42783] Running api in mode HTTPS
[debug] [2020-04-09T20:22:34.196Z] [runtime-status] [42783] Attempting to listen to socketPath: /var/folders/x9/2yssk4l57js1t30svhrx9bbw0000gq/T/fire_emu_42783.sock
[debug] [2020-04-09T20:22:34.198Z] [functions] Runtime ready! Sending request!
[debug] [2020-04-09T20:22:34.201Z] [runtime-status] [42783] Ephemeral server handling OPTIONS request
[debug] [2020-04-09T20:22:34.202Z] [runtime-status] [42783] Ephemeral server survived.
[info] i  functions: Finished "api" in ~1s
[debug] [2020-04-09T20:22:34.203Z] [worker-api-b040ff0b-60d9-4bfa-af13-da0dce949551]: IDLE
[debug] [2020-04-09T20:22:34.203Z] [work-queue] {"queueLength":0,"workRunningCount":0}
[debug] [2020-04-09T20:22:34.204Z] [work-queue] {"queueLength":1,"workRunningCount":0}
[debug] [2020-04-09T20:22:34.204Z] [work-queue] {"queueLength":0,"workRunningCount":1}
[debug] [2020-04-09T20:22:34.204Z] Accepted request POST /yuki-a30e7/us-central1/api/login --> api
[debug] [2020-04-09T20:22:34.204Z] [worker-pool] submitWork(triggerId=api)
[debug] [2020-04-09T20:22:34.204Z] [worker-api-b040ff0b-60d9-4bfa-af13-da0dce949551]: Assigning socketPath: /var/folders/x9/2yssk4l57js1t30svhrx9bbw0000gq/T/fire_emu_42783.sock
[debug] [2020-04-09T20:22:34.204Z] [worker-api-b040ff0b-60d9-4bfa-af13-da0dce949551]: BUSY
[debug] [2020-04-09T20:22:34.217Z] [runtime-status] [42783] Trigger "api" has been found, beginning invocation!
[info] i  functions: Beginning execution of "api"
[debug] [2020-04-09T20:22:34.217Z] [runtime-status] [42783] triggerDefinition {"httpsTrigger":{},"name":"api","entryPoint":"api"}
[debug] [2020-04-09T20:22:34.217Z] [runtime-status] [42783] Running api in mode HTTPS
[debug] [2020-04-09T20:22:34.218Z] [runtime-status] [42783] Attempting to listen to socketPath: /var/folders/x9/2yssk4l57js1t30svhrx9bbw0000gq/T/fire_emu_42783.sock
[debug] [2020-04-09T20:22:34.219Z] [functions] Runtime ready! Sending request!
[debug] [2020-04-09T20:22:34.241Z] [runtime-status] [42783] Ephemeral server handling POST request
[debug] [2020-04-09T20:22:34.247Z] [runtime-status] [42783] Ephemeral server survived.
[info] i  functions: Finished "api" in ~1s
[debug] [2020-04-09T20:22:34.802Z] [worker-api-b040ff0b-60d9-4bfa-af13-da0dce949551]: IDLE
[debug] [2020-04-09T20:22:34.802Z] [work-queue] {"queueLength":0,"workRunningCount":0}
[debug] [2020-04-09T20:22:39.182Z] [work-queue] {"queueLength":1,"workRunningCount":0}
[debug] [2020-04-09T20:22:39.183Z] [work-queue] {"queueLength":0,"workRunningCount":1}
[debug] [2020-04-09T20:22:39.183Z] Accepted request POST /yuki-a30e7/us-central1/api/login --> api
[debug] [2020-04-09T20:22:39.183Z] [worker-pool] submitWork(triggerId=api)
[debug] [2020-04-09T20:22:39.183Z] [worker-api-b040ff0b-60d9-4bfa-af13-da0dce949551]: Assigning socketPath: /var/folders/x9/2yssk4l57js1t30svhrx9bbw0000gq/T/fire_emu_42783.sock
[debug] [2020-04-09T20:22:39.183Z] [worker-api-b040ff0b-60d9-4bfa-af13-da0dce949551]: BUSY
[debug] [2020-04-09T20:22:39.183Z] [runtime-status] [42783] Trigger "api" has been found, beginning invocation!
[info] i  functions: Beginning execution of "api"
[debug] [2020-04-09T20:22:39.184Z] [runtime-status] [42783] triggerDefinition {"httpsTrigger":{},"name":"api","entryPoint":"api"}
[debug] [2020-04-09T20:22:39.184Z] [runtime-status] [42783] Running api in mode HTTPS
[debug] [2020-04-09T20:22:39.186Z] [runtime-status] [42783] Attempting to listen to socketPath: /var/folders/x9/2yssk4l57js1t30svhrx9bbw0000gq/T/fire_emu_42783.sock
[debug] [2020-04-09T20:22:39.187Z] [functions] Runtime ready! Sending request!
[debug] [2020-04-09T20:22:39.190Z] [runtime-status] [42783] Ephemeral server handling POST request
[debug] [2020-04-09T20:22:39.191Z] [runtime-status] [42783] Ephemeral server survived.
[info] i  functions: Finished "api" in ~1s
[debug] [2020-04-09T20:22:39.531Z] [worker-api-b040ff0b-60d9-4bfa-af13-da0dce949551]: IDLE
[debug] [2020-04-09T20:22:39.531Z] [work-queue] {"queueLength":0,"workRunningCount":0}
[debug] [2020-04-09T20:22:44.649Z] [work-queue] {"queueLength":1,"workRunningCount":0}
[debug] [2020-04-09T20:22:44.649Z] [work-queue] {"queueLength":0,"workRunningCount":1}
[debug] [2020-04-09T20:22:44.650Z] Accepted request OPTIONS /yuki-a30e7/us-central1/api/login --> api
[debug] [2020-04-09T20:22:44.650Z] [worker-pool] submitWork(triggerId=api)
[debug] [2020-04-09T20:22:44.650Z] [worker-api-b040ff0b-60d9-4bfa-af13-da0dce949551]: Assigning socketPath: /var/folders/x9/2yssk4l57js1t30svhrx9bbw0000gq/T/fire_emu_42783.sock
[debug] [2020-04-09T20:22:44.650Z] [worker-api-b040ff0b-60d9-4bfa-af13-da0dce949551]: BUSY
[debug] [2020-04-09T20:22:44.652Z] [runtime-status] [42783] Trigger "api" has been found, beginning invocation!
[info] i  functions: Beginning execution of "api"
[debug] [2020-04-09T20:22:44.653Z] [runtime-status] [42783] triggerDefinition {"httpsTrigger":{},"name":"api","entryPoint":"api"}
[debug] [2020-04-09T20:22:44.653Z] [runtime-status] [42783] Running api in mode HTTPS
[debug] [2020-04-09T20:22:44.653Z] [runtime-status] [42783] Attempting to listen to socketPath: /var/folders/x9/2yssk4l57js1t30svhrx9bbw0000gq/T/fire_emu_42783.sock
[debug] [2020-04-09T20:22:44.654Z] [functions] Runtime ready! Sending request!
[debug] [2020-04-09T20:22:44.656Z] [runtime-status] [42783] Ephemeral server handling OPTIONS request
[debug] [2020-04-09T20:22:44.658Z] [runtime-status] [42783] Ephemeral server survived.
[info] i  functions: Finished "api" in ~1s
[debug] [2020-04-09T20:22:44.659Z] [worker-api-b040ff0b-60d9-4bfa-af13-da0dce949551]: IDLE
[debug] [2020-04-09T20:22:44.659Z] [work-queue] {"queueLength":0,"workRunningCount":0}
[debug] [2020-04-09T20:22:44.660Z] [work-queue] {"queueLength":1,"workRunningCount":0}
[debug] [2020-04-09T20:22:44.660Z] [work-queue] {"queueLength":0,"workRunningCount":1}
[debug] [2020-04-09T20:22:44.660Z] Accepted request POST /yuki-a30e7/us-central1/api/login --> api
[debug] [2020-04-09T20:22:44.660Z] [worker-pool] submitWork(triggerId=api)
[debug] [2020-04-09T20:22:44.661Z] [worker-api-b040ff0b-60d9-4bfa-af13-da0dce949551]: Assigning socketPath: /var/folders/x9/2yssk4l57js1t30svhrx9bbw0000gq/T/fire_emu_42783.sock
[debug] [2020-04-09T20:22:44.661Z] [worker-api-b040ff0b-60d9-4bfa-af13-da0dce949551]: BUSY
[debug] [2020-04-09T20:22:44.669Z] [runtime-status] [42783] Trigger "api" has been found, beginning invocation!
[info] i  functions: Beginning execution of "api"
[debug] [2020-04-09T20:22:44.670Z] [runtime-status] [42783] triggerDefinition {"httpsTrigger":{},"name":"api","entryPoint":"api"}
[debug] [2020-04-09T20:22:44.670Z] [runtime-status] [42783] Running api in mode HTTPS
[debug] [2020-04-09T20:22:44.670Z] [runtime-status] [42783] Attempting to listen to socketPath: /var/folders/x9/2yssk4l57js1t30svhrx9bbw0000gq/T/fire_emu_42783.sock
[debug] [2020-04-09T20:22:44.671Z] [functions] Runtime ready! Sending request!
[debug] [2020-04-09T20:22:44.675Z] [runtime-status] [42783] Ephemeral server handling POST request
[debug] [2020-04-09T20:22:44.677Z] [runtime-status] [42783] Ephemeral server survived.
[info] i  functions: Finished "api" in ~1s
[debug] [2020-04-09T20:22:45.121Z] [worker-api-b040ff0b-60d9-4bfa-af13-da0dce949551]: IDLE
[debug] [2020-04-09T20:22:45.122Z] [work-queue] {"queueLength":0,"workRunningCount":0}
[debug] [2020-04-09T20:23:02.749Z] [work-queue] {"queueLength":1,"workRunningCount":0}
[debug] [2020-04-09T20:23:02.749Z] [work-queue] {"queueLength":0,"workRunningCount":1}
[debug] [2020-04-09T20:23:02.749Z] Accepted request OPTIONS /yuki-a30e7/us-central1/api/login --> api
[debug] [2020-04-09T20:23:02.749Z] [worker-pool] submitWork(triggerId=api)
[debug] [2020-04-09T20:23:02.750Z] [worker-api-b040ff0b-60d9-4bfa-af13-da0dce949551]: Assigning socketPath: /var/folders/x9/2yssk4l57js1t30svhrx9bbw0000gq/T/fire_emu_42783.sock
[debug] [2020-04-09T20:23:02.750Z] [worker-api-b040ff0b-60d9-4bfa-af13-da0dce949551]: BUSY
[debug] [2020-04-09T20:23:02.750Z] [runtime-status] [42783] Trigger "api" has been found, beginning invocation!
[info] i  functions: Beginning execution of "api"
[debug] [2020-04-09T20:23:02.751Z] [runtime-status] [42783] triggerDefinition {"httpsTrigger":{},"name":"api","entryPoint":"api"}
[debug] [2020-04-09T20:23:02.751Z] [runtime-status] [42783] Running api in mode HTTPS
[debug] [2020-04-09T20:23:02.751Z] [runtime-status] [42783] Attempting to listen to socketPath: /var/folders/x9/2yssk4l57js1t30svhrx9bbw0000gq/T/fire_emu_42783.sock
[debug] [2020-04-09T20:23:02.752Z] [functions] Runtime ready! Sending request!
[debug] [2020-04-09T20:23:02.755Z] [runtime-status] [42783] Ephemeral server handling OPTIONS request
[debug] [2020-04-09T20:23:02.758Z] [runtime-status] [42783] Ephemeral server survived.
[info] i  functions: Finished "api" in ~1s
[debug] [2020-04-09T20:23:02.759Z] [worker-api-b040ff0b-60d9-4bfa-af13-da0dce949551]: IDLE
[debug] [2020-04-09T20:23:02.759Z] [work-queue] {"queueLength":0,"workRunningCount":0}
[debug] [2020-04-09T20:23:02.760Z] [work-queue] {"queueLength":1,"workRunningCount":0}
[debug] [2020-04-09T20:23:02.760Z] [work-queue] {"queueLength":0,"workRunningCount":1}
[debug] [2020-04-09T20:23:02.760Z] Accepted request POST /yuki-a30e7/us-central1/api/login --> api
[debug] [2020-04-09T20:23:02.760Z] [worker-pool] submitWork(triggerId=api)
[debug] [2020-04-09T20:23:02.760Z] [worker-api-b040ff0b-60d9-4bfa-af13-da0dce949551]: Assigning socketPath: /var/folders/x9/2yssk4l57js1t30svhrx9bbw0000gq/T/fire_emu_42783.sock
[debug] [2020-04-09T20:23:02.760Z] [worker-api-b040ff0b-60d9-4bfa-af13-da0dce949551]: BUSY
[debug] [2020-04-09T20:23:02.770Z] [runtime-status] [42783] Trigger "api" has been found, beginning invocation!
[info] i  functions: Beginning execution of "api"
[debug] [2020-04-09T20:23:02.771Z] [runtime-status] [42783] triggerDefinition {"httpsTrigger":{},"name":"api","entryPoint":"api"}
[debug] [2020-04-09T20:23:02.771Z] [runtime-status] [42783] Running api in mode HTTPS
[debug] [2020-04-09T20:23:02.771Z] [runtime-status] [42783] Attempting to listen to socketPath: /var/folders/x9/2yssk4l57js1t30svhrx9bbw0000gq/T/fire_emu_42783.sock
[debug] [2020-04-09T20:23:02.772Z] [functions] Runtime ready! Sending request!
[debug] [2020-04-09T20:23:02.776Z] [runtime-status] [42783] Ephemeral server handling POST request
[debug] [2020-04-09T20:23:02.777Z] [runtime-status] [42783] Ephemeral server survived.
[info] i  functions: Finished "api" in ~1s
[debug] [2020-04-09T20:23:03.743Z] [worker-api-b040ff0b-60d9-4bfa-af13-da0dce949551]: IDLE
[debug] [2020-04-09T20:23:03.743Z] [work-queue] {"queueLength":0,"workRunningCount":0}
[debug] [2020-04-09T20:28:03.894Z] [work-queue] {"queueLength":1,"workRunningCount":0}
[debug] [2020-04-09T20:28:03.895Z] [work-queue] {"queueLength":0,"workRunningCount":1}
[debug] [2020-04-09T20:28:03.895Z] Accepted request OPTIONS /yuki-a30e7/us-central1/api/challenges/fetch --> api
[debug] [2020-04-09T20:28:03.896Z] [worker-pool] submitWork(triggerId=api)
[debug] [2020-04-09T20:28:03.897Z] [worker-api-b040ff0b-60d9-4bfa-af13-da0dce949551]: Assigning socketPath: /var/folders/x9/2yssk4l57js1t30svhrx9bbw0000gq/T/fire_emu_42783.sock
[debug] [2020-04-09T20:28:03.897Z] [worker-api-b040ff0b-60d9-4bfa-af13-da0dce949551]: BUSY
[debug] [2020-04-09T20:28:03.902Z] [runtime-status] [42783] Trigger "api" has been found, beginning invocation!
[info] i  functions: Beginning execution of "api"
[debug] [2020-04-09T20:28:03.906Z] [runtime-status] [42783] triggerDefinition {"httpsTrigger":{},"name":"api","entryPoint":"api"}
[debug] [2020-04-09T20:28:03.907Z] [runtime-status] [42783] Running api in mode HTTPS
[debug] [2020-04-09T20:28:03.909Z] [runtime-status] [42783] Attempting to listen to socketPath: /var/folders/x9/2yssk4l57js1t30svhrx9bbw0000gq/T/fire_emu_42783.sock
[debug] [2020-04-09T20:28:03.914Z] [functions] Runtime ready! Sending request!
[debug] [2020-04-09T20:28:03.921Z] [runtime-status] [42783] Ephemeral server handling OPTIONS request
[debug] [2020-04-09T20:28:03.926Z] [runtime-status] [42783] Ephemeral server survived.
[info] i  functions: Finished "api" in ~1s
[debug] [2020-04-09T20:28:03.927Z] [worker-api-b040ff0b-60d9-4bfa-af13-da0dce949551]: IDLE
[debug] [2020-04-09T20:28:03.927Z] [work-queue] {"queueLength":0,"workRunningCount":0}
[debug] [2020-04-09T20:28:03.929Z] [work-queue] {"queueLength":1,"workRunningCount":0}
[debug] [2020-04-09T20:28:03.929Z] [work-queue] {"queueLength":0,"workRunningCount":1}
[debug] [2020-04-09T20:28:03.929Z] Accepted request POST /yuki-a30e7/us-central1/api/challenges/fetch --> api
[debug] [2020-04-09T20:28:03.929Z] [worker-pool] submitWork(triggerId=api)
[debug] [2020-04-09T20:28:03.929Z] [worker-api-b040ff0b-60d9-4bfa-af13-da0dce949551]: Assigning socketPath: /var/folders/x9/2yssk4l57js1t30svhrx9bbw0000gq/T/fire_emu_42783.sock
[debug] [2020-04-09T20:28:03.929Z] [worker-api-b040ff0b-60d9-4bfa-af13-da0dce949551]: BUSY
[debug] [2020-04-09T20:28:03.939Z] [runtime-status] [42783] Trigger "api" has been found, beginning invocation!
[info] i  functions: Beginning execution of "api"
[debug] [2020-04-09T20:28:03.939Z] [runtime-status] [42783] triggerDefinition {"httpsTrigger":{},"name":"api","entryPoint":"api"}
[debug] [2020-04-09T20:28:03.939Z] [runtime-status] [42783] Running api in mode HTTPS
[debug] [2020-04-09T20:28:03.947Z] [runtime-status] [42783] Attempting to listen to socketPath: /var/folders/x9/2yssk4l57js1t30svhrx9bbw0000gq/T/fire_emu_42783.sock
[debug] [2020-04-09T20:28:03.948Z] [functions] Runtime ready! Sending request!
[debug] [2020-04-09T20:28:03.952Z] [runtime-status] [42783] Ephemeral server handling POST request
[debug] [2020-04-09T20:28:03.955Z] [runtime-status] [42783] Ephemeral server survived.
[info] >  challengePath not found.
[info] i  functions: Finished "api" in ~110s
[debug] [2020-04-09T20:29:54.568Z] [worker-api-b040ff0b-60d9-4bfa-af13-da0dce949551]: IDLE
[debug] [2020-04-09T20:29:54.568Z] [work-queue] {"queueLength":0,"workRunningCount":0}
